# JRE version: OpenJDK Runtime Environment (8.0_152-b02) (build 1.8.0_152-release-1024-b02)
# Java VM: OpenJDK 64-Bit Server VM (25.152-b02 mixed mode windows-amd64 compressed oops)
Heap:
 PSYoungGen      total 393728K, used 211668K [0x00000000e0000000, 0x00000000fbf00000, 0x0000000100000000)
  eden space 349184K, 52% used [0x00000000e0000000,0x00000000eb487e08,0x00000000f5500000)
  from space 44544K, 60% used [0x00000000f9380000,0x00000000fadad320,0x00000000fbf00000)
  to   space 54272K, 0% used [0x00000000f5500000,0x00000000f5500000,0x00000000f8a00000)
 ParOldGen       total 240128K, used 65850K [0x00000000a0000000, 0x00000000aea80000, 0x00000000e0000000)
  object space 240128K, 27% used [0x00000000a0000000,0x00000000a404e8b0,0x00000000aea80000)
 Metaspace       used 105092K, capacity 110152K, committed 110284K, reserved 1144832K
  class space    used 13362K, capacity 14547K, committed 14592K, reserved 1048576K
GC Heap History (10 events):
Event: 752.625 GC heap before
{Heap before GC invocations=26 (full 3):
 PSYoungGen      total 339968K, used 163161K [0x00000000e0000000, 0x00000000f8e80000, 0x0000000100000000)
  eden space 284672K, 42% used [0x00000000e0000000,0x00000000e7575d50,0x00000000f1600000)
  from space 55296K, 77% used [0x00000000f5080000,0x00000000f7a607d8,0x00000000f8680000)
  to   space 59904K, 0% used [0x00000000f1600000,0x00000000f1600000,0x00000000f5080000)
 ParOldGen       total 162816K, used 62532K [0x00000000a0000000, 0x00000000a9f00000, 0x00000000e0000000)
  object space 162816K, 38% used [0x00000000a0000000,0x00000000a3d112f8,0x00000000a9f00000)
 Metaspace       used 94015K, capacity 98142K, committed 98380K, reserved 1134592K
  class space    used 12075K, capacity 13093K, committed 13184K, reserved 1048576K
Event: 752.680 GC heap after
Heap after GC invocations=26 (full 3):
 PSYoungGen      total 344576K, used 43666K [0x00000000e0000000, 0x00000000fae80000, 0x0000000100000000)
  eden space 284672K, 0% used [0x00000000e0000000,0x00000000e0000000,0x00000000f1600000)
  from space 59904K, 72% used [0x00000000f1600000,0x00000000f40a4808,0x00000000f5080000)
  to   space 63488K, 0% used [0x00000000f7080000,0x00000000f7080000,0x00000000fae80000)
 ParOldGen       total 162816K, used 62540K [0x00000000a0000000, 0x00000000a9f00000, 0x00000000e0000000)
  object space 162816K, 38% used [0x00000000a0000000,0x00000000a3d132f8,0x00000000a9f00000)
 Metaspace       used 94015K, capacity 98142K, committed 98380K, reserved 1134592K
  class space    used 12075K, capacity 13093K, committed 13184K, reserved 1048576K
}
Event: 752.680 GC heap before
{Heap before GC invocations=27 (full 4):
 PSYoungGen      total 344576K, used 43666K [0x00000000e0000000, 0x00000000fae80000, 0x0000000100000000)
  eden space 284672K, 0% used [0x00000000e0000000,0x00000000e0000000,0x00000000f1600000)
  from space 59904K, 72% used [0x00000000f1600000,0x00000000f40a4808,0x00000000f5080000)
  to   space 63488K, 0% used [0x00000000f7080000,0x00000000f7080000,0x00000000fae80000)
 ParOldGen       total 162816K, used 62540K [0x00000000a0000000, 0x00000000a9f00000, 0x00000000e0000000)
  object space 162816K, 38% used [0x00000000a0000000,0x00000000a3d132f8,0x00000000a9f00000)
 Metaspace       used 94015K, capacity 98142K, committed 98380K, reserved 1134592K
  class space    used 12075K, capacity 13093K, committed 13184K, reserved 1048576K
Event: 753.063 GC heap after
Heap after GC invocations=27 (full 4):
 PSYoungGen      total 344576K, used 0K [0x00000000e0000000, 0x00000000fae80000, 0x0000000100000000)
  eden space 284672K, 0% used [0x00000000e0000000,0x00000000e0000000,0x00000000f1600000)
  from space 59904K, 0% used [0x00000000f1600000,0x00000000f1600000,0x00000000f5080000)
  to   space 63488K, 0% used [0x00000000f7080000,0x00000000f7080000,0x00000000fae80000)
 ParOldGen       total 240128K, used 65826K [0x00000000a0000000, 0x00000000aea80000, 0x00000000e0000000)
  object space 240128K, 27% used [0x00000000a0000000,0x00000000a40488b0,0x00000000aea80000)
 Metaspace       used 93947K, capacity 97942K, committed 98380K, reserved 1134592K
  class space    used 12055K, capacity 13070K, committed 13184K, reserved 1048576K
}
Event: 776.968 GC heap before
{Heap before GC invocations=28 (full 4):
 PSYoungGen      total 344576K, used 284672K [0x00000000e0000000, 0x00000000fae80000, 0x0000000100000000)
  eden space 284672K, 100% used [0x00000000e0000000,0x00000000f1600000,0x00000000f1600000)
  from space 59904K, 0% used [0x00000000f1600000,0x00000000f1600000,0x00000000f5080000)
  to   space 63488K, 0% used [0x00000000f7080000,0x00000000f7080000,0x00000000fae80000)
 ParOldGen       total 240128K, used 65826K [0x00000000a0000000, 0x00000000aea80000, 0x00000000e0000000)
  object space 240128K, 27% used [0x00000000a0000000,0x00000000a40488b0,0x00000000aea80000)
 Metaspace       used 96081K, capacity 100220K, committed 100556K, reserved 1136640K
  class space    used 12199K, capacity 13231K, committed 13312K, reserved 1048576K
Event: 777.004 GC heap after
Heap after GC invocations=28 (full 4):
 PSYoungGen      total 372224K, used 25075K [0x00000000e0000000, 0x00000000fa880000, 0x0000000100000000)
  eden space 314880K, 0% used [0x00000000e0000000,0x00000000e0000000,0x00000000f3380000)
  from space 57344K, 43% used [0x00000000f7080000,0x00000000f88fcc38,0x00000000fa880000)
  to   space 59904K, 0% used [0x00000000f3380000,0x00000000f3380000,0x00000000f6e00000)
 ParOldGen       total 240128K, used 65834K [0x00000000a0000000, 0x00000000aea80000, 0x00000000e0000000)
  object space 240128K, 27% used [0x00000000a0000000,0x00000000a404a8b0,0x00000000aea80000)
 Metaspace       used 96081K, capacity 100220K, committed 100556K, reserved 1136640K
  class space    used 12199K, capacity 13231K, committed 13312K, reserved 1048576K
}
Event: 777.816 GC heap before
{Heap before GC invocations=29 (full 4):
 PSYoungGen      total 372224K, used 339094K [0x00000000e0000000, 0x00000000fa880000, 0x0000000100000000)
  eden space 314880K, 99% used [0x00000000e0000000,0x00000000f32a8f78,0x00000000f3380000)
  from space 57344K, 43% used [0x00000000f7080000,0x00000000f88fcc38,0x00000000fa880000)
  to   space 59904K, 0% used [0x00000000f3380000,0x00000000f3380000,0x00000000f6e00000)
 ParOldGen       total 240128K, used 65834K [0x00000000a0000000, 0x00000000aea80000, 0x00000000e0000000)
  object space 240128K, 27% used [0x00000000a0000000,0x00000000a404a8b0,0x00000000aea80000)
 Metaspace       used 96898K, capacity 101196K, committed 101452K, reserved 1136640K
  class space    used 12337K, capacity 13401K, committed 13440K, reserved 1048576K
Event: 777.840 GC heap after
Heap after GC invocations=29 (full 4):
 PSYoungGen      total 374784K, used 22960K [0x00000000e0000000, 0x00000000fcb80000, 0x0000000100000000)
  eden space 314880K, 0% used [0x00000000e0000000,0x00000000e0000000,0x00000000f3380000)
  from space 59904K, 38% used [0x00000000f3380000,0x00000000f49ec1f0,0x00000000f6e00000)
  to   space 57344K, 0% used [0x00000000f9380000,0x00000000f9380000,0x00000000fcb80000)
 ParOldGen       total 240128K, used 65842K [0x00000000a0000000, 0x00000000aea80000, 0x00000000e0000000)
  object space 240128K, 27% used [0x00000000a0000000,0x00000000a404c8b0,0x00000000aea80000)
 Metaspace       used 96898K, capacity 101196K, committed 101452K, reserved 1136640K
  class space    used 12337K, capacity 13401K, committed 13440K, reserved 1048576K
}
Event: 854.538 GC heap before
{Heap before GC invocations=30 (full 4):
 PSYoungGen      total 374784K, used 337840K [0x00000000e0000000, 0x00000000fcb80000, 0x0000000100000000)
  eden space 314880K, 100% used [0x00000000e0000000,0x00000000f3380000,0x00000000f3380000)
  from space 59904K, 38% used [0x00000000f3380000,0x00000000f49ec1f0,0x00000000f6e00000)
  to   space 57344K, 0% used [0x00000000f9380000,0x00000000f9380000,0x00000000fcb80000)
 ParOldGen       total 240128K, used 65842K [0x00000000a0000000, 0x00000000aea80000, 0x00000000e0000000)
  object space 240128K, 27% used [0x00000000a0000000,0x00000000a404c8b0,0x00000000aea80000)
 Metaspace       used 98664K, capacity 103362K, committed 103500K, reserved 1138688K
  class space    used 12560K, capacity 13682K, committed 13696K, reserved 1048576K
Event: 854.570 GC heap after
Heap after GC invocations=30 (full 4):
 PSYoungGen      total 393728K, used 26804K [0x00000000e0000000, 0x00000000fbf00000, 0x0000000100000000)
  eden space 349184K, 0% used [0x00000000e0000000,0x00000000e0000000,0x00000000f5500000)
  from space 44544K, 60% used [0x00000000f9380000,0x00000000fadad320,0x00000000fbf00000)
  to   space 54272K, 0% used [0x00000000f5500000,0x00000000f5500000,0x00000000f8a00000)
 ParOldGen       total 240128K, used 65850K [0x00000000a0000000, 0x00000000aea80000, 0x00000000e0000000)
  object space 240128K, 27% used [0x00000000a0000000,0x00000000a404e8b0,0x00000000aea80000)
 Metaspace       used 98664K, capacity 103362K, committed 103500K, reserved 1138688K
  class space    used 12560K, capacity 13682K, committed 13696K, reserved 1048576K
}

