# JRE version: OpenJDK Runtime Environment (8.0_152-b02) (build 1.8.0_152-release-1024-b02)
# Java VM: OpenJDK 64-Bit Server VM (25.152-b02 mixed mode windows-amd64 compressed oops)
Heap:
 PSYoungGen      total 77312K, used 25132K [0x00000000e0000000, 0x00000000e6c80000, 0x0000000100000000)
  eden space 67072K, 37% used [0x00000000e0000000,0x00000000e188b148,0x00000000e4180000)
  from space 10240K, 0% used [0x00000000e4180000,0x00000000e4180000,0x00000000e4b80000)
  to   space 10240K, 0% used [0x00000000e6280000,0x00000000e6280000,0x00000000e6c80000)
 ParOldGen       total 99840K, used 15618K [0x00000000a0000000, 0x00000000a6180000, 0x00000000e0000000)
  object space 99840K, 15% used [0x00000000a0000000,0x00000000a0f40910,0x00000000a6180000)
 Metaspace       used 38082K, capacity 38774K, committed 38872K, reserved 1083392K
  class space    used 5140K, capacity 5375K, committed 5376K, reserved 1048576K
GC Heap History (10 events):
Event: 16.055 GC heap before
{Heap before GC invocations=9 (full 1):
 PSYoungGen      total 42496K, used 38161K [0x00000000e0000000, 0x00000000e4300000, 0x0000000100000000)
  eden space 32256K, 100% used [0x00000000e0000000,0x00000000e1f80000,0x00000000e1f80000)
  from space 10240K, 57% used [0x00000000e1f80000,0x00000000e25444e0,0x00000000e2980000)
  to   space 9728K, 0% used [0x00000000e3980000,0x00000000e3980000,0x00000000e4300000)
 ParOldGen       total 64512K, used 7873K [0x00000000a0000000, 0x00000000a3f00000, 0x00000000e0000000)
  object space 64512K, 12% used [0x00000000a0000000,0x00000000a07b0498,0x00000000a3f00000)
 Metaspace       used 28292K, capacity 28824K, committed 29056K, reserved 1075200K
  class space    used 3957K, capacity 4165K, committed 4224K, reserved 1048576K
Event: 16.079 GC heap after
Heap after GC invocations=9 (full 1):
 PSYoungGen      total 58880K, used 7046K [0x00000000e0000000, 0x00000000e4800000, 0x0000000100000000)
  eden space 49152K, 0% used [0x00000000e0000000,0x00000000e0000000,0x00000000e3000000)
  from space 9728K, 72% used [0x00000000e3980000,0x00000000e4061b98,0x00000000e4300000)
  to   space 9728K, 0% used [0x00000000e3000000,0x00000000e3000000,0x00000000e3980000)
 ParOldGen       total 64512K, used 7881K [0x00000000a0000000, 0x00000000a3f00000, 0x00000000e0000000)
  object space 64512K, 12% used [0x00000000a0000000,0x00000000a07b2498,0x00000000a3f00000)
 Metaspace       used 28292K, capacity 28824K, committed 29056K, reserved 1075200K
  class space    used 3957K, capacity 4165K, committed 4224K, reserved 1048576K
}
Event: 18.679 GC heap before
{Heap before GC invocations=10 (full 1):
 PSYoungGen      total 58880K, used 56198K [0x00000000e0000000, 0x00000000e4800000, 0x0000000100000000)
  eden space 49152K, 100% used [0x00000000e0000000,0x00000000e3000000,0x00000000e3000000)
  from space 9728K, 72% used [0x00000000e3980000,0x00000000e4061b98,0x00000000e4300000)
  to   space 9728K, 0% used [0x00000000e3000000,0x00000000e3000000,0x00000000e3980000)
 ParOldGen       total 64512K, used 7881K [0x00000000a0000000, 0x00000000a3f00000, 0x00000000e0000000)
  object space 64512K, 12% used [0x00000000a0000000,0x00000000a07b2498,0x00000000a3f00000)
 Metaspace       used 30967K, capacity 31518K, committed 31616K, reserved 1077248K
  class space    used 4231K, capacity 4422K, committed 4480K, reserved 1048576K
Event: 18.692 GC heap after
Heap after GC invocations=10 (full 1):
 PSYoungGen      total 58880K, used 7387K [0x00000000e0000000, 0x00000000e5580000, 0x0000000100000000)
  eden space 49152K, 0% used [0x00000000e0000000,0x00000000e0000000,0x00000000e3000000)
  from space 9728K, 75% used [0x00000000e3000000,0x00000000e3736c20,0x00000000e3980000)
  to   space 9728K, 0% used [0x00000000e4c00000,0x00000000e4c00000,0x00000000e5580000)
 ParOldGen       total 64512K, used 7889K [0x00000000a0000000, 0x00000000a3f00000, 0x00000000e0000000)
  object space 64512K, 12% used [0x00000000a0000000,0x00000000a07b4498,0x00000000a3f00000)
 Metaspace       used 30967K, capacity 31518K, committed 31616K, reserved 1077248K
  class space    used 4231K, capacity 4422K, committed 4480K, reserved 1048576K
}
Event: 21.834 GC heap before
{Heap before GC invocations=11 (full 1):
 PSYoungGen      total 58880K, used 56465K [0x00000000e0000000, 0x00000000e5580000, 0x0000000100000000)
  eden space 49152K, 99% used [0x00000000e0000000,0x00000000e2fed9e8,0x00000000e3000000)
  from space 9728K, 75% used [0x00000000e3000000,0x00000000e3736c20,0x00000000e3980000)
  to   space 9728K, 0% used [0x00000000e4c00000,0x00000000e4c00000,0x00000000e5580000)
 ParOldGen       total 64512K, used 7889K [0x00000000a0000000, 0x00000000a3f00000, 0x00000000e0000000)
  object space 64512K, 12% used [0x00000000a0000000,0x00000000a07b4498,0x00000000a3f00000)
 Metaspace       used 32048K, capacity 32572K, committed 32768K, reserved 1077248K
  class space    used 4384K, capacity 4559K, committed 4608K, reserved 1048576K
Event: 21.844 GC heap after
Heap after GC invocations=11 (full 1):
 PSYoungGen      total 76800K, used 8165K [0x00000000e0000000, 0x00000000e5580000, 0x0000000100000000)
  eden space 67072K, 0% used [0x00000000e0000000,0x00000000e0000000,0x00000000e4180000)
  from space 9728K, 83% used [0x00000000e4c00000,0x00000000e53f9708,0x00000000e5580000)
  to   space 10240K, 0% used [0x00000000e4180000,0x00000000e4180000,0x00000000e4b80000)
 ParOldGen       total 64512K, used 7897K [0x00000000a0000000, 0x00000000a3f00000, 0x00000000e0000000)
  object space 64512K, 12% used [0x00000000a0000000,0x00000000a07b6498,0x00000000a3f00000)
 Metaspace       used 32048K, capacity 32572K, committed 32768K, reserved 1077248K
  class space    used 4384K, capacity 4559K, committed 4608K, reserved 1048576K
}
Event: 23.735 GC heap before
{Heap before GC invocations=12 (full 1):
 PSYoungGen      total 76800K, used 23545K [0x00000000e0000000, 0x00000000e5580000, 0x0000000100000000)
  eden space 67072K, 22% used [0x00000000e0000000,0x00000000e0f04f68,0x00000000e4180000)
  from space 9728K, 83% used [0x00000000e4c00000,0x00000000e53f9708,0x00000000e5580000)
  to   space 10240K, 0% used [0x00000000e4180000,0x00000000e4180000,0x00000000e4b80000)
 ParOldGen       total 64512K, used 7897K [0x00000000a0000000, 0x00000000a3f00000, 0x00000000e0000000)
  object space 64512K, 12% used [0x00000000a0000000,0x00000000a07b6498,0x00000000a3f00000)
 Metaspace       used 34666K, capacity 35282K, committed 35416K, reserved 1079296K
  class space    used 4734K, capacity 4959K, committed 4992K, reserved 1048576K
Event: 23.748 GC heap after
Heap after GC invocations=12 (full 1):
 PSYoungGen      total 77312K, used 5054K [0x00000000e0000000, 0x00000000e6c80000, 0x0000000100000000)
  eden space 67072K, 0% used [0x00000000e0000000,0x00000000e0000000,0x00000000e4180000)
  from space 10240K, 49% used [0x00000000e4180000,0x00000000e466f898,0x00000000e4b80000)
  to   space 10240K, 0% used [0x00000000e6280000,0x00000000e6280000,0x00000000e6c80000)
 ParOldGen       total 64512K, used 12065K [0x00000000a0000000, 0x00000000a3f00000, 0x00000000e0000000)
  object space 64512K, 18% used [0x00000000a0000000,0x00000000a0bc8528,0x00000000a3f00000)
 Metaspace       used 34666K, capacity 35282K, committed 35416K, reserved 1079296K
  class space    used 4734K, capacity 4959K, committed 4992K, reserved 1048576K
}
Event: 23.748 GC heap before
{Heap before GC invocations=13 (full 2):
 PSYoungGen      total 77312K, used 5054K [0x00000000e0000000, 0x00000000e6c80000, 0x0000000100000000)
  eden space 67072K, 0% used [0x00000000e0000000,0x00000000e0000000,0x00000000e4180000)
  from space 10240K, 49% used [0x00000000e4180000,0x00000000e466f898,0x00000000e4b80000)
  to   space 10240K, 0% used [0x00000000e6280000,0x00000000e6280000,0x00000000e6c80000)
 ParOldGen       total 64512K, used 12065K [0x00000000a0000000, 0x00000000a3f00000, 0x00000000e0000000)
  object space 64512K, 18% used [0x00000000a0000000,0x00000000a0bc8528,0x00000000a3f00000)
 Metaspace       used 34666K, capacity 35282K, committed 35416K, reserved 1079296K
  class space    used 4734K, capacity 4959K, committed 4992K, reserved 1048576K
Event: 23.864 GC heap after
Heap after GC invocations=13 (full 2):
 PSYoungGen      total 77312K, used 0K [0x00000000e0000000, 0x00000000e6c80000, 0x0000000100000000)
  eden space 67072K, 0% used [0x00000000e0000000,0x00000000e0000000,0x00000000e4180000)
  from space 10240K, 0% used [0x00000000e4180000,0x00000000e4180000,0x00000000e4b80000)
  to   space 10240K, 0% used [0x00000000e6280000,0x00000000e6280000,0x00000000e6c80000)
 ParOldGen       total 99840K, used 15618K [0x00000000a0000000, 0x00000000a6180000, 0x00000000e0000000)
  object space 99840K, 15% used [0x00000000a0000000,0x00000000a0f40910,0x00000000a6180000)
 Metaspace       used 34666K, capacity 35282K, committed 35416K, reserved 1079296K
  class space    used 4734K, capacity 4959K, committed 4992K, reserved 1048576K
}

